<?xml version="1.0" encoding="UTF-8"?>
<!-- Generated by org.testng.reporters.JUnitXMLReporter -->
<testsuite hostname="aryabhata" name="APIautomation" tests="4" failures="0" timestamp="20 Sep 2016 10:53:08 GMT" time="7.763" errors="0">
  <testcase name="CreatePUSHNOTIFICATIONasset" time="3.658" classname="TestSuite.PushNotificationAssetTestSuite"/>
  <testcase name="DirectDeletePUSHNOTIFICATIONasset" time="1.232" classname="TestSuite.PushNotificationAssetTestSuite"/>
  <testcase name="OneAssetPerIdentityRuleForPUSHNOTIFICATIONasset" time="0.788" classname="TestSuite.PushNotificationAssetTestSuite"/>
  <testcase name="HappyPathEndtoEndScenario" time="2.059" classname="TestSuite.VisualIVRTestSuite"/>
</testsuite> <!-- APIautomation -->
