<?xml version="1.0" encoding="UTF-8"?>
<testng-results skipped="0" failed="0" total="2" passed="2">
  <reporter-output>
    <line>
      <![CDATA[REQUEST: ]]>
    </line>
    <line>
      <![CDATA[{password=Password1, preferred_username=banky@hotmail.com}]]>
    </line>
    <line>
      <![CDATA[RESPONSE: ]]>
    </line>
    <line>
      <![CDATA[{"auth_cookie_code":"f8eee698-9a32-48e3-b2d2-4e53247a76f1","legacy_o2at_code":"08f1de8c-4a8b-4803-95c3-aac44d5e245d","legacy_portal_account_cookie_info":{"master_portal_bfid":"130000000272551","master_portal_id":"banky","master_portal_display_name":"richard"},"irrelevant_proof_added":false}]]>
    </line>
    <line>
      <![CDATA[REQUEST: ]]>
    </line>
    <line>
      <![CDATA[{code=f8eee698-9a32-48e3-b2d2-4e53247a76f1, grant_type=auth_cookie, scope=[openid, profile, email, phone, otac]}]]>
    </line>
    <line>
      <![CDATA[RESPONSE: ]]>
    </line>
    <line>
      <![CDATA[{"access_token":"c7411926-161d-49b9-a91a-589c3dba8379","refresh_token":"d13117a5-df59-4260-989a-1864a82293e1","token_type":"Bearer","expires_in":59,"authentication_time":"2016-09-19T08:12:51.659Z"}]]>
    </line>
    <line>
      <![CDATA[REQUEST: ]]>
    </line>
    <line>
      <![CDATA[RESPONSE: ]]>
    </line>
    <line>
      <![CDATA[[{"asset_type":"PUSHNOTIFICATION","asset_value":"30d85ad1-b2d6-4351-b86b-efa877897f24"}]]]>
    </line>
    <line>
      <![CDATA[REQUEST: ]]>
    </line>
    <line>
      <![CDATA[RESPONSE: ]]>
    </line>
    <line>
      <![CDATA[]]>
    </line>
    <line>
      <![CDATA[REQUEST: ]]>
    </line>
    <line>
      <![CDATA[RESPONSE: ]]>
    </line>
    <line>
      <![CDATA[{"asset_type":"PUSHNOTIFICATION","asset_value":"2db005fc-e37e-4451-89b9-c7e35031b71f"}]]>
    </line>
    <line>
      <![CDATA[REQUEST: ]]>
    </line>
    <line>
      <![CDATA[{password=Password1, preferred_username=fun-notverified@o2.co.uk}]]>
    </line>
    <line>
      <![CDATA[RESPONSE: ]]>
    </line>
    <line>
      <![CDATA[{"auth_cookie_code":"6f369aef-cdfe-4983-b9e6-f028534fb8d9","legacy_o2at_code":"feff92b1-0e9c-4347-b41f-941f42db2ac3","legacy_portal_account_cookie_info":{"master_portal_bfid":"9990000001","master_portal_id":"fun-notverified","master_portal_display_name":"fun-notverified"},"irrelevant_proof_added":false}]]>
    </line>
    <line>
      <![CDATA[REQUEST: ]]>
    </line>
    <line>
      <![CDATA[{code=6f369aef-cdfe-4983-b9e6-f028534fb8d9, grant_type=auth_cookie, scope=[openid, profile, email, phone, otac]}]]>
    </line>
    <line>
      <![CDATA[RESPONSE: ]]>
    </line>
    <line>
      <![CDATA[{"access_token":"e2d0545a-e727-4fe9-b5cb-468641c1e9ae","refresh_token":"b0e9090c-0073-4b72-b6a1-82f036d57f12","token_type":"Bearer","expires_in":59,"authentication_time":"2016-09-19T08:12:52.342Z"}]]>
    </line>
    <line>
      <![CDATA[REQUEST: ]]>
    </line>
    <line>
      <![CDATA[RESPONSE: ]]>
    </line>
    <line>
      <![CDATA[[{"asset_type":"PUSHNOTIFICATION","asset_value":"69ffc9cc-f78c-44ac-b139-ec8752b4c4b4"}]]]>
    </line>
    <line>
      <![CDATA[REQUEST: ]]>
    </line>
    <line>
      <![CDATA[RESPONSE: ]]>
    </line>
    <line>
      <![CDATA[]]>
    </line>
    <line>
      <![CDATA[REQUEST: ]]>
    </line>
    <line>
      <![CDATA[RESPONSE: ]]>
    </line>
    <line>
      <![CDATA[{"asset_type":"PUSHNOTIFICATION","asset_value":"e7bb9cde-d9a4-4b62-9748-8a8d2b59d2ab"}]]>
    </line>
  </reporter-output>
  <suite name="Custom suite" duration-ms="2842" started-at="2016-09-19T08:12:49Z" finished-at="2016-09-19T08:12:52Z">
    <groups>
      <group name="test">
        <method signature="PushNotificationAssetTestSuite.CreatePUSHNOTIFICATIONasset(java.lang.String, java.lang.String, java.lang.String)[pri:0, instance:TestSuite.PushNotificationAssetTestSuite@35bbe5e8]" name="CreatePUSHNOTIFICATIONasset" class="TestSuite.PushNotificationAssetTestSuite"/>
      </group> <!-- test -->
    </groups>
    <test name="APIautomation" duration-ms="2842" started-at="2016-09-19T08:12:49Z" finished-at="2016-09-19T08:12:52Z">
      <class name="TestSuite.O2OPENAssetTestSuite">
        <test-method status="PASS" signature="setup()[pri:0, instance:TestSuite.O2OPENAssetTestSuite@ea4a92b]" name="setup" is-config="true" duration-ms="5" started-at="2016-09-19T09:12:49Z" finished-at="2016-09-19T09:12:49Z">
          <reporter-output>
          </reporter-output>
        </test-method> <!-- setup -->
        <test-method status="PASS" signature="teardown()[pri:0, instance:TestSuite.O2OPENAssetTestSuite@ea4a92b]" name="teardown" is-config="true" duration-ms="0" started-at="2016-09-19T09:12:52Z" finished-at="2016-09-19T09:12:52Z">
          <reporter-output>
          </reporter-output>
        </test-method> <!-- teardown -->
      </class> <!-- TestSuite.O2OPENAssetTestSuite -->
      <class name="TestSuite.PushNotificationAssetTestSuite">
        <test-method status="PASS" signature="handleTestMethodName(java.lang.reflect.Method)[pri:0, instance:TestSuite.PushNotificationAssetTestSuite@35bbe5e8]" name="handleTestMethodName" is-config="true" duration-ms="1" started-at="2016-09-19T09:12:49Z" finished-at="2016-09-19T09:12:49Z">
          <params>
            <param index="0">
              <value>
                <![CDATA[public void TestSuite.PushNotificationAssetTestSuite.CreatePUSHNOTIFICATIONasset(java.lang.String,java.lang.String,java.lang.String)]]>
              </value>
            </param>
          </params>
          <reporter-output>
          </reporter-output>
        </test-method> <!-- handleTestMethodName -->
        <test-method status="PASS" signature="setupTest()[pri:0, instance:TestSuite.PushNotificationAssetTestSuite@35bbe5e8]" name="setupTest" is-config="true" duration-ms="1" started-at="2016-09-19T09:12:49Z" finished-at="2016-09-19T09:12:49Z">
          <reporter-output>
          </reporter-output>
        </test-method> <!-- setupTest -->
        <test-method status="PASS" signature="CreatePUSHNOTIFICATIONasset(java.lang.String, java.lang.String, java.lang.String)[pri:0, instance:TestSuite.PushNotificationAssetTestSuite@35bbe5e8]" name="CreatePUSHNOTIFICATIONasset" duration-ms="2355" started-at="2016-09-19T09:12:49Z" data-provider="userCredential" finished-at="2016-09-19T09:12:52Z">
          <params>
            <param index="0">
              <value>
                <![CDATA[local]]>
              </value>
            </param>
            <param index="1">
              <value>
                <![CDATA[banky@hotmail.com]]>
              </value>
            </param>
            <param index="2">
              <value>
                <![CDATA[Password1]]>
              </value>
            </param>
          </params>
          <reporter-output>
            <line>
              <![CDATA[REQUEST: ]]>
            </line>
            <line>
              <![CDATA[{password=Password1, preferred_username=banky@hotmail.com}]]>
            </line>
            <line>
              <![CDATA[RESPONSE: ]]>
            </line>
            <line>
              <![CDATA[{"auth_cookie_code":"f8eee698-9a32-48e3-b2d2-4e53247a76f1","legacy_o2at_code":"08f1de8c-4a8b-4803-95c3-aac44d5e245d","legacy_portal_account_cookie_info":{"master_portal_bfid":"130000000272551","master_portal_id":"banky","master_portal_display_name":"richard"},"irrelevant_proof_added":false}]]>
            </line>
            <line>
              <![CDATA[REQUEST: ]]>
            </line>
            <line>
              <![CDATA[{code=f8eee698-9a32-48e3-b2d2-4e53247a76f1, grant_type=auth_cookie, scope=[openid, profile, email, phone, otac]}]]>
            </line>
            <line>
              <![CDATA[RESPONSE: ]]>
            </line>
            <line>
              <![CDATA[{"access_token":"c7411926-161d-49b9-a91a-589c3dba8379","refresh_token":"d13117a5-df59-4260-989a-1864a82293e1","token_type":"Bearer","expires_in":59,"authentication_time":"2016-09-19T08:12:51.659Z"}]]>
            </line>
            <line>
              <![CDATA[REQUEST: ]]>
            </line>
            <line>
              <![CDATA[RESPONSE: ]]>
            </line>
            <line>
              <![CDATA[[{"asset_type":"PUSHNOTIFICATION","asset_value":"30d85ad1-b2d6-4351-b86b-efa877897f24"}]]]>
            </line>
            <line>
              <![CDATA[REQUEST: ]]>
            </line>
            <line>
              <![CDATA[RESPONSE: ]]>
            </line>
            <line>
              <![CDATA[]]>
            </line>
            <line>
              <![CDATA[REQUEST: ]]>
            </line>
            <line>
              <![CDATA[RESPONSE: ]]>
            </line>
            <line>
              <![CDATA[{"asset_type":"PUSHNOTIFICATION","asset_value":"2db005fc-e37e-4451-89b9-c7e35031b71f"}]]>
            </line>
          </reporter-output>
        </test-method> <!-- CreatePUSHNOTIFICATIONasset -->
        <test-method status="PASS" signature="CreatePUSHNOTIFICATIONasset(java.lang.String, java.lang.String, java.lang.String)[pri:0, instance:TestSuite.PushNotificationAssetTestSuite@35bbe5e8]" name="CreatePUSHNOTIFICATIONasset" duration-ms="465" started-at="2016-09-19T09:12:52Z" data-provider="userCredential" finished-at="2016-09-19T09:12:52Z">
          <params>
            <param index="0">
              <value>
                <![CDATA[local]]>
              </value>
            </param>
            <param index="1">
              <value>
                <![CDATA[fun-notverified@o2.co.uk]]>
              </value>
            </param>
            <param index="2">
              <value>
                <![CDATA[Password1]]>
              </value>
            </param>
          </params>
          <reporter-output>
            <line>
              <![CDATA[REQUEST: ]]>
            </line>
            <line>
              <![CDATA[{password=Password1, preferred_username=fun-notverified@o2.co.uk}]]>
            </line>
            <line>
              <![CDATA[RESPONSE: ]]>
            </line>
            <line>
              <![CDATA[{"auth_cookie_code":"6f369aef-cdfe-4983-b9e6-f028534fb8d9","legacy_o2at_code":"feff92b1-0e9c-4347-b41f-941f42db2ac3","legacy_portal_account_cookie_info":{"master_portal_bfid":"9990000001","master_portal_id":"fun-notverified","master_portal_display_name":"fun-notverified"},"irrelevant_proof_added":false}]]>
            </line>
            <line>
              <![CDATA[REQUEST: ]]>
            </line>
            <line>
              <![CDATA[{code=6f369aef-cdfe-4983-b9e6-f028534fb8d9, grant_type=auth_cookie, scope=[openid, profile, email, phone, otac]}]]>
            </line>
            <line>
              <![CDATA[RESPONSE: ]]>
            </line>
            <line>
              <![CDATA[{"access_token":"e2d0545a-e727-4fe9-b5cb-468641c1e9ae","refresh_token":"b0e9090c-0073-4b72-b6a1-82f036d57f12","token_type":"Bearer","expires_in":59,"authentication_time":"2016-09-19T08:12:52.342Z"}]]>
            </line>
            <line>
              <![CDATA[REQUEST: ]]>
            </line>
            <line>
              <![CDATA[RESPONSE: ]]>
            </line>
            <line>
              <![CDATA[[{"asset_type":"PUSHNOTIFICATION","asset_value":"69ffc9cc-f78c-44ac-b139-ec8752b4c4b4"}]]]>
            </line>
            <line>
              <![CDATA[REQUEST: ]]>
            </line>
            <line>
              <![CDATA[RESPONSE: ]]>
            </line>
            <line>
              <![CDATA[]]>
            </line>
            <line>
              <![CDATA[REQUEST: ]]>
            </line>
            <line>
              <![CDATA[RESPONSE: ]]>
            </line>
            <line>
              <![CDATA[{"asset_type":"PUSHNOTIFICATION","asset_value":"e7bb9cde-d9a4-4b62-9748-8a8d2b59d2ab"}]]>
            </line>
          </reporter-output>
        </test-method> <!-- CreatePUSHNOTIFICATIONasset -->
        <test-method status="PASS" signature="setupTest()[pri:0, instance:TestSuite.PushNotificationAssetTestSuite@35bbe5e8]" name="setupTest" is-config="true" duration-ms="0" started-at="2016-09-19T09:12:52Z" finished-at="2016-09-19T09:12:52Z">
          <reporter-output>
          </reporter-output>
        </test-method> <!-- setupTest -->
        <test-method status="PASS" signature="handleTestMethodName(java.lang.reflect.Method)[pri:0, instance:TestSuite.PushNotificationAssetTestSuite@35bbe5e8]" name="handleTestMethodName" is-config="true" duration-ms="0" started-at="2016-09-19T09:12:52Z" finished-at="2016-09-19T09:12:52Z">
          <params>
            <param index="0">
              <value>
                <![CDATA[public void TestSuite.PushNotificationAssetTestSuite.CreatePUSHNOTIFICATIONasset(java.lang.String,java.lang.String,java.lang.String)]]>
              </value>
            </param>
          </params>
          <reporter-output>
          </reporter-output>
        </test-method> <!-- handleTestMethodName -->
      </class> <!-- TestSuite.PushNotificationAssetTestSuite -->
    </test> <!-- APIautomation -->
  </suite> <!-- Custom suite -->
</testng-results>
